<?xml version="1.0" encoding="UTF-8"?>
<!-- Generated by org.testng.reporters.JUnitReportReporter -->
<testsuite hostname="DESKTOP-4MSVC5H" failures="0" tests="1" name="tests.TestLogin" time="0.872" errors="0" timestamp="2023-04-11T15:16:58 IST" skipped="0">
  <testcase classname="tests.TestLogin" name="test_Home_Page_Appear_Correct" time="0.872"/>
  <system-out/>
</testsuite> <!-- tests.TestLogin -->
