<?xml version="1.0" encoding="UTF-8"?>
<!-- Generated by org.testng.reporters.JUnitReportReporter -->
<testsuite hostname="DESKTOP-Q3H0F4P" failures="0" tests="1" name="tests.TestLogin" time="4.089" errors="0" timestamp="2023-04-20T10:06:50 IST" skipped="0">
  <testcase classname="tests.TestLogin" name="test_Home_Page_Appear_Correct" time="4.089"/>
  <system-out/>
</testsuite> <!-- tests.TestLogin -->
